PC: 0002 movl r[0000] = 0065
PC: 0004 movl r[0000] = 0072
PC: 0006 movl r[0000] = 0069
PC: 0008 movl r[0000] = 006c
PC: 000a movl r[0000] = 006f
PC: 000c movl r[0000] = 0067
PC: 000e movl r[0000] = 000a
PC: 0010 movl r[0001] = 0033
PC: 0012 movl r[0002] = 0003
PC: 0014 sub r[0000] = 0030
PC: 0016 movl r[0000] = 000a
PC: 0018 movl r[0001] = 0032
PC: 001a movh r[0001] = 3132
PC: 001c movl r[0002] = 0000
PC: 001e movh r[0002] = 1000
PC: 0020 movl r[0003] = 0001
PC: 0020 st m[0000] = xxxx
PC: 0022 movh r[0003] = 1001
PC: 0022 st m[3132] = xxxx
PC: 0026 ld r[0000] = xx31
PC: 0028 movl r[0000] = 000a
PC: 002a ld r[0000] = 3132
PC: 002c movl r[0000] = 000a
PC: 002e movl r[0004] = 007f
PC: 0030 movh r[0004] = 7f7f
PC: 0032 movl r[0005] = 0001
PC: 0034 movl r[0006] = ffff
PC: 0036 movl r[0007] = 0046
PC: 0038 movl r[0008] = 004e
PC: 003a movl r[0009] = 0056
PC: 003c movl r[000a] = 005e
PC: 003e jz pc = 0040
PC: 0040 movl r[0000] = 0061
PC: 0042 jz pc = 0046
PC: 0046 jnz pc = 0048
PC: 0048 movl r[0000] = 0063
PC: 004a jnz pc = 004e
PC: 004e js pc = 0050
PC: 0050 movl r[0000] = 0065
PC: 0052 js pc = 0056
PC: 0058 movl r[0000] = 0067
PC: 005a jns pc = 005e
PC: 0060 movl r[0001] = 000a
PC: 0062 movh r[0001] = e00a
PC: 0064 movl r[0002] = 0001
PC: 0066 movh r[0002] = 7f01
PC: 0068 movl r[0003] = 0002
PC: 006a movh r[0003] = 7f02
PC: 006c movl r[0004] = 0003
PC: 006e movh r[0004] = 7f03
PC: 0070 movl r[000a] = 0000
PC: 0070 st m[0000] = 005e
PC: 0072 movh r[000a] = 0100
PC: 0072 st m[0000] = 005e
PC: 0078 ld r[0000] = e00a
PC: 007a ld r[0000] = e00a
PC: 007c movl r[0000] = 007a
PC: 007e movl r[000b] = 006d
PC: 0080 movl r[000c] = 000c
PC: 0082 movl r[000c] = 0000
PC: 0084 sub r[0000] = 006d
